This file contains any messages produced by compilers while
running configure, to aid debugging if configure makes a mistake.

It was created by configure, which was
generated by GNU Autoconf 2.59.  Invocation command line was

  $ ./configure 

## --------- ##
## Platform. ##
## --------- ##

hostname = t520
uname -m = i686
uname -r = 3.2.0-2-686-pae
uname -s = Linux
uname -v = #1 SMP Mon Jun 11 18:27:04 UTC 2012

/usr/bin/uname -p = unknown
/bin/uname -X     = unknown

/bin/arch              = unknown
/usr/bin/arch -k       = unknown
/usr/convex/getsysinfo = unknown
hostinfo               = unknown
/bin/machine           = unknown
/usr/bin/oslevel       = unknown
/bin/universe          = unknown

PATH: /home/pi/bin
PATH: /usr/local/bin
PATH: /usr/bin
PATH: /bin
PATH: /usr/local/games
PATH: /usr/games
PATH: /usr/local/play
PATH: /home/pi/bin
PATH: /var/lib/gems/1.8/bin/
PATH: /var/www/sonar/sonar-runner/bin
PATH: /home/pi/Documents/essais/python/
PATH: /usr/local/play
PATH: /home/pi/bin
PATH: /var/lib/gems/1.8/bin/
PATH: /var/www/sonar/sonar-runner/bin
PATH: /home/pi/Documents/essais/python/


## ----------- ##
## Core tests. ##
## ----------- ##

configure:1269: checking for a BSD-compatible install
configure:1324: result: /usr/bin/install -c
configure:1335: checking whether build environment is sane
configure:1378: result: yes
configure:1411: checking for gawk
configure:1427: found /usr/bin/gawk
configure:1437: result: gawk
configure:1447: checking whether make sets $(MAKE)
configure:1467: result: yes
configure:1651: checking for xemacs
configure:1678: result: emacs
configure:1704: checking for emacs
configure:1730: result: emacs
configure:1743: checking where .elc files should go
configure:1753: $EMACS -batch -q -eval '(while load-path (princ (concat (car load-path) "\n")) (setq load-path (cdr load-path)))' </dev/null >conftest.out
Loading 00debian-vars...
Loading /etc/emacs/site-start.d/20apel.el (source)...
Loading /etc/emacs/site-start.d/50auctex.el (source)...
Loading /usr/share/emacs/site-lisp/auctex.el (source)...
Loading /usr/share/emacs/site-lisp/preview-latex.el (source)...
Loading /etc/emacs/site-start.d/50auto-complete-el.el (source)...
Loading /etc/emacs/site-start.d/50autoconf.el (source)...
Loading /etc/emacs/site-start.d/50bbdb.el (source)...
Loading /etc/emacs/site-start.d/50dictionaries-common.el (source)...
Loading debian-ispell...
Loading /var/cache/dictionaries-common/emacsen-ispell-default.el (source)...
Loading /var/cache/dictionaries-common/emacsen-ispell-dicts.el (source)...
Loading /etc/emacs/site-start.d/50ecb.el (source)...
ECB 2.40 uses CEDET 1.0 (contains semantic 2.0, eieio 1.3, speedbar <unknown version>).
Loading /etc/emacs/site-start.d/50emacs-jabber.el (source)...
Loading /usr/share/emacs/site-lisp/emacs-jabber/jabber-autoloads.el (source)...
Loading /etc/emacs/site-start.d/50flim.el (source)...
Loading /etc/emacs/site-start.d/50global.el (source)...
Loading /etc/emacs/site-start.d/50haskell-mode.el (source)...
Loading /usr/share/emacs/site-lisp/haskell-mode/haskell-site-file.el (source)...
Loading /etc/emacs/site-start.d/50js2-mode.el (source)...
Loading /etc/emacs/site-start.d/50magit.el (source)...
Loading /usr/share/emacs/site-lisp/magit/magit-install.el (source)...
Loading /etc/emacs/site-start.d/50mmm-mode.el (source)...
Loading `mmm-compat': old-style backquotes detected!
Loading /etc/emacs/site-start.d/50org-mode.el (source)...
Loading /etc/emacs/site-start.d/50psvn.el (source)...
Loading /etc/emacs/site-start.d/50pylint.el (source)...
Loading pylint...
Loading /etc/emacs/site-start.d/50pymacs.el (source)...
Loading /etc/emacs/site-start.d/50python-mode.el (source)...
Loading /etc/emacs/site-start.d/50w3m-el.el (source)...
Loading /etc/emacs/site-start.d/50windows-el.el (source)...
Loading /etc/emacs/site-start.d/50yaml-mode.el (source)...
Loading /etc/emacs/site-start.d/50yasnippet.el (source)...
Loading /etc/emacs/site-start.d/52remember-el.el (source)...
Loading /usr/share/emacs/site-lisp/remember-el/remember-autoloads.el (source)...
configure:1756: $? = 0
configure:1769: result: ${datadir}/emacs/site-lisp
configure:1780: checking for emacs version
emacs -batch -eval (let ((x (and (boundp 'emacs-major-version) (format "%d.%d" emacs-major-version emacs-minor-version)))) (write-region (if (stringp x) (princ x) (prin1-to-string x)) nil "./conftest-10113"))
Loading 00debian-vars...
Loading /etc/emacs/site-start.d/20apel.el (source)...
Loading /etc/emacs/site-start.d/50auctex.el (source)...
Loading /usr/share/emacs/site-lisp/auctex.el (source)...
Loading /usr/share/emacs/site-lisp/preview-latex.el (source)...
Loading /etc/emacs/site-start.d/50auto-complete-el.el (source)...
Loading /etc/emacs/site-start.d/50autoconf.el (source)...
Loading /etc/emacs/site-start.d/50bbdb.el (source)...
Loading /etc/emacs/site-start.d/50dictionaries-common.el (source)...
Loading debian-ispell...
Loading /var/cache/dictionaries-common/emacsen-ispell-default.el (source)...
Loading /var/cache/dictionaries-common/emacsen-ispell-dicts.el (source)...
Loading /etc/emacs/site-start.d/50ecb.el (source)...
ECB 2.40 uses CEDET 1.0 (contains semantic 2.0, eieio 1.3, speedbar <unknown version>).
Loading /etc/emacs/site-start.d/50emacs-jabber.el (source)...
Loading /usr/share/emacs/site-lisp/emacs-jabber/jabber-autoloads.el (source)...
Loading /etc/emacs/site-start.d/50flim.el (source)...
Loading /etc/emacs/site-start.d/50global.el (source)...
Loading /etc/emacs/site-start.d/50haskell-mode.el (source)...
Loading /usr/share/emacs/site-lisp/haskell-mode/haskell-site-file.el (source)...
Loading /etc/emacs/site-start.d/50js2-mode.el (source)...
Loading /etc/emacs/site-start.d/50magit.el (source)...
Loading /usr/share/emacs/site-lisp/magit/magit-install.el (source)...
Loading /etc/emacs/site-start.d/50mmm-mode.el (source)...
Loading `mmm-compat': old-style backquotes detected!
Loading /etc/emacs/site-start.d/50org-mode.el (source)...
Loading /etc/emacs/site-start.d/50psvn.el (source)...
Loading /etc/emacs/site-start.d/50pylint.el (source)...
Loading pylint...
Loading /etc/emacs/site-start.d/50pymacs.el (source)...
Loading /etc/emacs/site-start.d/50python-mode.el (source)...
Loading /etc/emacs/site-start.d/50w3m-el.el (source)...
Loading /etc/emacs/site-start.d/50windows-el.el (source)...
Loading /etc/emacs/site-start.d/50yaml-mode.el (source)...
Loading /etc/emacs/site-start.d/50yasnippet.el (source)...
Loading /etc/emacs/site-start.d/52remember-el.el (source)...
Loading /usr/share/emacs/site-lisp/remember-el/remember-autoloads.el (source)...
=> 23.4
configure:1811: result: 23.4
configure:1950: creating ./config.status

## ---------------------- ##
## Running config.status. ##
## ---------------------- ##

This file was extended by config.status, which was
generated by GNU Autoconf 2.59.  Invocation command line was

  CONFIG_FILES    = 
  CONFIG_HEADERS  = 
  CONFIG_LINKS    = 
  CONFIG_COMMANDS = 
  $ ./config.status 

on t520

config.status:690: creating Makefile

## ---------------- ##
## Cache variables. ##
## ---------------- ##

EMACS_cv_SYS_version=23.4
ac_cv_env_build_alias_set=
ac_cv_env_build_alias_value=
ac_cv_env_host_alias_set=
ac_cv_env_host_alias_value=
ac_cv_env_target_alias_set=
ac_cv_env_target_alias_value=
ac_cv_path_install='/usr/bin/install -c'
ac_cv_prog_AWK=gawk
ac_cv_prog_EMACS=emacs
ac_cv_prog_make_make_set=yes
am_cv_lispdir='${datadir}/emacs/site-lisp'

## ----------------- ##
## Output variables. ##
## ----------------- ##

ACLOCAL='${SHELL} /home/pi/emacs.d/site-lisp/mmm-mode/missing --run aclocal-1.7'
AMTAR='${SHELL} /home/pi/emacs.d/site-lisp/mmm-mode/missing --run tar'
AUTOCONF='${SHELL} /home/pi/emacs.d/site-lisp/mmm-mode/missing --run autoconf'
AUTOHEADER='${SHELL} /home/pi/emacs.d/site-lisp/mmm-mode/missing --run autoheader'
AUTOMAKE='${SHELL} /home/pi/emacs.d/site-lisp/mmm-mode/missing --run automake-1.7'
AWK='gawk'
CYGPATH_W='echo'
DEFS='-DPACKAGE_NAME=\"\" -DPACKAGE_TARNAME=\"\" -DPACKAGE_VERSION=\"\" -DPACKAGE_STRING=\"\" -DPACKAGE_BUGREPORT=\"\" -DPACKAGE=\"mmm-mode\" -DVERSION=\"0.4.8\" '
ECHO_C=''
ECHO_N='-n'
ECHO_T=''
EMACS='emacs'
EMACS_VERSION='23.4'
INSTALL_DATA='${INSTALL} -m 644'
INSTALL_PROGRAM='${INSTALL}'
INSTALL_SCRIPT='${INSTALL}'
INSTALL_STRIP_PROGRAM='${SHELL} $(install_sh) -c -s'
LIBOBJS=''
LIBS=''
LTLIBOBJS=''
MAKEINFO='${SHELL} /home/pi/emacs.d/site-lisp/mmm-mode/missing --run makeinfo'
PACKAGE='mmm-mode'
PACKAGE_BUGREPORT=''
PACKAGE_NAME=''
PACKAGE_STRING=''
PACKAGE_TARNAME=''
PACKAGE_VERSION=''
PATH_SEPARATOR=':'
SET_MAKE=''
SHELL='/bin/bash'
STRIP=''
VERSION='0.4.8'
ac_ct_STRIP=''
am__leading_dot='.'
bindir='${exec_prefix}/bin'
build_alias=''
datadir='${prefix}/share'
exec_prefix='${prefix}'
host_alias=''
includedir='${prefix}/include'
infodir='${prefix}/info'
install_sh='/home/pi/emacs.d/site-lisp/mmm-mode/install-sh'
libdir='${exec_prefix}/lib'
libexecdir='${exec_prefix}/libexec'
lispdir='${datadir}/emacs/site-lisp'
localstatedir='${prefix}/var'
mandir='${prefix}/man'
oldincludedir='/usr/include'
prefix='/usr/local'
program_transform_name='s,x,x,'
sbindir='${exec_prefix}/sbin'
sharedstatedir='${prefix}/com'
sysconfdir='${prefix}/etc'
target_alias=''

## ----------- ##
## confdefs.h. ##
## ----------- ##

#define PACKAGE "mmm-mode"
#define PACKAGE_BUGREPORT ""
#define PACKAGE_NAME ""
#define PACKAGE_STRING ""
#define PACKAGE_TARNAME ""
#define PACKAGE_VERSION ""
#define VERSION "0.4.8"

configure: exit 0
