This file contains any messages produced by compilers while
running configure, to aid debugging if configure makes a mistake.

It was created by jabber.el configure 0.8.0, which was
generated by GNU Autoconf 2.68.  Invocation command line was

  $ ./configure --no-create --no-recursion

## --------- ##
## Platform. ##
## --------- ##

hostname = master
uname -m = i686
uname -r = 2.6.32-5-xen-686
uname -s = Linux
uname -v = #1 SMP Wed May 18 09:43:15 UTC 2011

/usr/bin/uname -p = unknown
/bin/uname -X     = unknown

/bin/arch              = unknown
/usr/bin/arch -k       = unknown
/usr/convex/getsysinfo = unknown
/usr/bin/hostinfo      = unknown
/bin/machine           = unknown
/usr/bin/oslevel       = unknown
/bin/universe          = unknown

PATH: /home/pi/bin
PATH: /usr/local/bin
PATH: /usr/bin
PATH: /bin
PATH: /usr/local/games
PATH: /usr/games
PATH: /usr/local/play
PATH: /home/pi/bin
PATH: /var/lib/gems/1.8/bin/
PATH: /var/www/sonar/sonar-runner/bin
PATH: /home/pi/Documents/essais/python/


## ----------- ##
## Core tests. ##
## ----------- ##

configure:1752: checking for a BSD-compatible install
configure:1820: result: /usr/bin/install -c
configure:1831: checking whether build environment is sane
configure:1881: result: yes
configure:2022: checking for a thread-safe mkdir -p
configure:2061: result: /bin/mkdir -p
configure:2074: checking for gawk
configure:2090: found /usr/bin/gawk
configure:2101: result: gawk
configure:2112: checking whether make sets $(MAKE)
configure:2134: result: yes
configure:2223: checking for emacs
configure:2239: found /usr/bin/emacs
configure:2250: result: emacs
configure:2274: checking where .elc files should go
configure:2287: $EMACS -batch -q -eval '(while load-path (princ (concat (car load-path) "\n")) (setq load-path (cdr load-path)))' </dev/null >conftest.out
Loading 00debian-vars...
Loading /etc/emacs/site-start.d/20apel.el (source)...
Loading /etc/emacs23/site-start.d/50auctex.el (source)...
Loading /usr/share/emacs/23.3/site-lisp/auctex.el (source)...
Loading /usr/share/emacs/23.3/site-lisp/preview-latex.el (source)...
Loading /etc/emacs/site-start.d/50auto-complete-el.el (source)...
Loading /etc/emacs/site-start.d/50autoconf.el (source)...
Loading /etc/emacs/site-start.d/50bbdb.el (source)...
Loading /etc/emacs/site-start.d/50dictionaries-common.el (source)...
Loading debian-ispell...
Loading /var/cache/dictionaries-common/emacsen-ispell-default.el (source)...
Loading /var/cache/dictionaries-common/emacsen-ispell-dicts.el (source)...
Loading /etc/emacs/site-start.d/50ecb.el (source)...
ECB 2.40 uses CEDET 1.0 (contains semantic 2.0, eieio 1.3, speedbar <unknown version>).
Loading /etc/emacs/site-start.d/50emacs-intl-fonts.el (source)...
Loading /etc/emacs/site-start.d/50festival.el (source)...
Loading /etc/emacs/site-start.d/50flim.el (source)...
Loading /etc/emacs/site-start.d/50js2-mode.el (source)...
Loading /etc/emacs/site-start.d/50psvn.el (source)...
Loading /etc/emacs/site-start.d/50pylint.el (source)...
Loading pylint...
Loading /etc/emacs/site-start.d/50pymacs.el (source)...
Loading /etc/emacs/site-start.d/50python-mode.el (source)...
Loading /etc/emacs/site-start.d/50w3m-el-snapshot.el (source)...
configure:2290: $? = 0
configure:2303: result: ${datarootdir}/emacs/site-lisp
configure:2316: checking whether emacs has library sha1
configure:2324: $EMACS -batch -l conftest.el
Loading 00debian-vars...
Loading /etc/emacs/site-start.d/20apel.el (source)...
Loading /etc/emacs23/site-start.d/50auctex.el (source)...
Loading /usr/share/emacs/23.3/site-lisp/auctex.el (source)...
Loading /usr/share/emacs/23.3/site-lisp/preview-latex.el (source)...
Loading /etc/emacs/site-start.d/50auto-complete-el.el (source)...
Loading /etc/emacs/site-start.d/50autoconf.el (source)...
Loading /etc/emacs/site-start.d/50bbdb.el (source)...
Loading /etc/emacs/site-start.d/50dictionaries-common.el (source)...
Loading debian-ispell...
Loading /var/cache/dictionaries-common/emacsen-ispell-default.el (source)...
Loading /var/cache/dictionaries-common/emacsen-ispell-dicts.el (source)...
Loading /etc/emacs/site-start.d/50ecb.el (source)...
ECB 2.40 uses CEDET 1.0 (contains semantic 2.0, eieio 1.3, speedbar <unknown version>).
Loading /etc/emacs/site-start.d/50emacs-intl-fonts.el (source)...
Loading /etc/emacs/site-start.d/50festival.el (source)...
Loading /etc/emacs/site-start.d/50flim.el (source)...
Loading /etc/emacs/site-start.d/50js2-mode.el (source)...
Loading /etc/emacs/site-start.d/50psvn.el (source)...
Loading /etc/emacs/site-start.d/50pylint.el (source)...
Loading pylint...
Loading /etc/emacs/site-start.d/50pymacs.el (source)...
Loading /etc/emacs/site-start.d/50python-mode.el (source)...
Loading /etc/emacs/site-start.d/50w3m-el-snapshot.el (source)...
configure:2327: $? = 0
configure:2335: result: yes
configure:2344: checking whether emacs has library sha1-el
configure:2352: $EMACS -batch -l conftest.el
Loading 00debian-vars...
Loading /etc/emacs/site-start.d/20apel.el (source)...
Loading /etc/emacs23/site-start.d/50auctex.el (source)...
Loading /usr/share/emacs/23.3/site-lisp/auctex.el (source)...
Loading /usr/share/emacs/23.3/site-lisp/preview-latex.el (source)...
Loading /etc/emacs/site-start.d/50auto-complete-el.el (source)...
Loading /etc/emacs/site-start.d/50autoconf.el (source)...
Loading /etc/emacs/site-start.d/50bbdb.el (source)...
Loading /etc/emacs/site-start.d/50dictionaries-common.el (source)...
Loading debian-ispell...
Loading /var/cache/dictionaries-common/emacsen-ispell-default.el (source)...
Loading /var/cache/dictionaries-common/emacsen-ispell-dicts.el (source)...
Loading /etc/emacs/site-start.d/50ecb.el (source)...
ECB 2.40 uses CEDET 1.0 (contains semantic 2.0, eieio 1.3, speedbar <unknown version>).
Loading /etc/emacs/site-start.d/50emacs-intl-fonts.el (source)...
Loading /etc/emacs/site-start.d/50festival.el (source)...
Loading /etc/emacs/site-start.d/50flim.el (source)...
Loading /etc/emacs/site-start.d/50js2-mode.el (source)...
Loading /etc/emacs/site-start.d/50psvn.el (source)...
Loading /etc/emacs/site-start.d/50pylint.el (source)...
Loading pylint...
Loading /etc/emacs/site-start.d/50pymacs.el (source)...
Loading /etc/emacs/site-start.d/50python-mode.el (source)...
Loading /etc/emacs/site-start.d/50w3m-el-snapshot.el (source)...
configure:2355: $? = 0
configure:2363: result: yes
configure:2372: checking whether emacs has library hex-util
configure:2380: $EMACS -batch -l conftest.el
Loading 00debian-vars...
Loading /etc/emacs/site-start.d/20apel.el (source)...
Loading /etc/emacs23/site-start.d/50auctex.el (source)...
Loading /usr/share/emacs/23.3/site-lisp/auctex.el (source)...
Loading /usr/share/emacs/23.3/site-lisp/preview-latex.el (source)...
Loading /etc/emacs/site-start.d/50auto-complete-el.el (source)...
Loading /etc/emacs/site-start.d/50autoconf.el (source)...
Loading /etc/emacs/site-start.d/50bbdb.el (source)...
Loading /etc/emacs/site-start.d/50dictionaries-common.el (source)...
Loading debian-ispell...
Loading /var/cache/dictionaries-common/emacsen-ispell-default.el (source)...
Loading /var/cache/dictionaries-common/emacsen-ispell-dicts.el (source)...
Loading /etc/emacs/site-start.d/50ecb.el (source)...
ECB 2.40 uses CEDET 1.0 (contains semantic 2.0, eieio 1.3, speedbar <unknown version>).
Loading /etc/emacs/site-start.d/50emacs-intl-fonts.el (source)...
Loading /etc/emacs/site-start.d/50festival.el (source)...
Loading /etc/emacs/site-start.d/50flim.el (source)...
Loading /etc/emacs/site-start.d/50js2-mode.el (source)...
Loading /etc/emacs/site-start.d/50psvn.el (source)...
Loading /etc/emacs/site-start.d/50pylint.el (source)...
Loading pylint...
Loading /etc/emacs/site-start.d/50pymacs.el (source)...
Loading /etc/emacs/site-start.d/50python-mode.el (source)...
Loading /etc/emacs/site-start.d/50w3m-el-snapshot.el (source)...
configure:2383: $? = 0
configure:2391: result: yes
configure:2400: checking whether emacs has library hexrgb
configure:2408: $EMACS -batch -l conftest.el
Loading 00debian-vars...
Loading /etc/emacs/site-start.d/20apel.el (source)...
Loading /etc/emacs23/site-start.d/50auctex.el (source)...
Loading /usr/share/emacs/23.3/site-lisp/auctex.el (source)...
Loading /usr/share/emacs/23.3/site-lisp/preview-latex.el (source)...
Loading /etc/emacs/site-start.d/50auto-complete-el.el (source)...
Loading /etc/emacs/site-start.d/50autoconf.el (source)...
Loading /etc/emacs/site-start.d/50bbdb.el (source)...
Loading /etc/emacs/site-start.d/50dictionaries-common.el (source)...
Loading debian-ispell...
Loading /var/cache/dictionaries-common/emacsen-ispell-default.el (source)...
Loading /var/cache/dictionaries-common/emacsen-ispell-dicts.el (source)...
Loading /etc/emacs/site-start.d/50ecb.el (source)...
ECB 2.40 uses CEDET 1.0 (contains semantic 2.0, eieio 1.3, speedbar <unknown version>).
Loading /etc/emacs/site-start.d/50emacs-intl-fonts.el (source)...
Loading /etc/emacs/site-start.d/50festival.el (source)...
Loading /etc/emacs/site-start.d/50flim.el (source)...
Loading /etc/emacs/site-start.d/50js2-mode.el (source)...
Loading /etc/emacs/site-start.d/50psvn.el (source)...
Loading /etc/emacs/site-start.d/50pylint.el (source)...
Loading pylint...
Loading /etc/emacs/site-start.d/50pymacs.el (source)...
Loading /etc/emacs/site-start.d/50python-mode.el (source)...
Loading /etc/emacs/site-start.d/50w3m-el-snapshot.el (source)...
Cannot open load file: hexrgb
configure:2411: $? = 255
configure:2419: result: no
configure:2455: checking for gconftool-2
configure:2473: found /usr/bin/gconftool-2
configure:2486: result: /usr/bin/gconftool-2
configure:2686: creating ./config.status

## ---------------- ##
## Cache variables. ##
## ---------------- ##

ac_cv_env_EMACSLOADPATH_set=''
ac_cv_env_EMACSLOADPATH_value=''
ac_cv_env_EMACS_set=''
ac_cv_env_EMACS_value=''
ac_cv_env_build_alias_set=''
ac_cv_env_build_alias_value=''
ac_cv_env_host_alias_set=''
ac_cv_env_host_alias_value=''
ac_cv_env_target_alias_set=''
ac_cv_env_target_alias_value=''
ac_cv_path_GCONFTOOL='/usr/bin/gconftool-2'
ac_cv_path_install='/usr/bin/install -c'
ac_cv_path_mkdir='/bin/mkdir'
ac_cv_prog_AWK='gawk'
ac_cv_prog_EMACS='emacs'
ac_cv_prog_make_make_set='yes'
am_cv_lispdir='${datarootdir}/emacs/site-lisp'
ax_cv_emacs_lib_hex_util='yes'
ax_cv_emacs_lib_hexrgb='no'
ax_cv_emacs_lib_sha1='yes'
ax_cv_emacs_lib_sha1_el='yes'

## ----------------- ##
## Output variables. ##
## ----------------- ##

ACLOCAL='${SHELL} /usr/local/git/public/emacs/pi-configuration/emacs.d/site-lisp/emacs-jabber/build-aux/missing --run aclocal-1.11'
AMTAR='${SHELL} /usr/local/git/public/emacs/pi-configuration/emacs.d/site-lisp/emacs-jabber/build-aux/missing --run tar'
AUTOCONF='${SHELL} /usr/local/git/public/emacs/pi-configuration/emacs.d/site-lisp/emacs-jabber/build-aux/missing --run autoconf'
AUTOHEADER='${SHELL} /usr/local/git/public/emacs/pi-configuration/emacs.d/site-lisp/emacs-jabber/build-aux/missing --run autoheader'
AUTOMAKE='${SHELL} /usr/local/git/public/emacs/pi-configuration/emacs.d/site-lisp/emacs-jabber/build-aux/missing --run automake-1.11'
AWK='gawk'
CYGPATH_W='echo'
DEFS='-DPACKAGE_NAME=\"jabber.el\" -DPACKAGE_TARNAME=\"emacs-jabber\" -DPACKAGE_VERSION=\"0.8.0\" -DPACKAGE_STRING=\"jabber.el\ 0.8.0\" -DPACKAGE_BUGREPORT=\"emacs-jabber-general@lists.sourceforge.net\" -DPACKAGE_URL=\"\" -DPACKAGE=\"emacs-jabber\" -DVERSION=\"0.8.0\"'
ECHO_C=''
ECHO_N='-n'
ECHO_T=''
EMACS='emacs'
EMACSLOADPATH=''
GCONFTOOL='/usr/bin/gconftool-2'
GCONF_SCHEMAS_INSTALL_FALSE=''
GCONF_SCHEMAS_INSTALL_TRUE='#'
INSTALL_DATA='${INSTALL} -m 644'
INSTALL_PROGRAM='${INSTALL}'
INSTALL_SCRIPT='${INSTALL}'
INSTALL_STRIP_PROGRAM='$(install_sh) -c -s'
LIBOBJS=''
LIBS=''
LTLIBOBJS=''
MAKEINFO='${SHELL} /usr/local/git/public/emacs/pi-configuration/emacs.d/site-lisp/emacs-jabber/build-aux/missing --run makeinfo'
MKDIR_P='/bin/mkdir -p'
PACKAGE='emacs-jabber'
PACKAGE_BUGREPORT='emacs-jabber-general@lists.sourceforge.net'
PACKAGE_NAME='jabber.el'
PACKAGE_STRING='jabber.el 0.8.0'
PACKAGE_TARNAME='emacs-jabber'
PACKAGE_URL=''
PACKAGE_VERSION='0.8.0'
PATH_SEPARATOR=':'
SET_MAKE=''
SHELL='/bin/sh'
STRIP=''
USE_GCONFTOOL_FALSE='#'
USE_GCONFTOOL_TRUE=''
USE_OUR_HEXRGB_FALSE='#'
USE_OUR_HEXRGB_TRUE=''
USE_OUR_HEX_UTIL_FALSE=''
USE_OUR_HEX_UTIL_TRUE='#'
USE_OUR_SHA1_FALSE=''
USE_OUR_SHA1_TRUE='#'
VERSION='0.8.0'
am__isrc=''
am__leading_dot='.'
am__tar='${AMTAR} chof - "$$tardir"'
am__untar='${AMTAR} xf -'
bindir='${exec_prefix}/bin'
build_alias=''
datadir='${datarootdir}'
datarootdir='${prefix}/share'
docdir='${datarootdir}/doc/${PACKAGE_TARNAME}'
dvidir='${docdir}'
exec_prefix='${prefix}'
host_alias=''
htmldir='${docdir}'
includedir='${prefix}/include'
infodir='${datarootdir}/info'
install_sh='${SHELL} /usr/local/git/public/emacs/pi-configuration/emacs.d/site-lisp/emacs-jabber/build-aux/install-sh'
libdir='${exec_prefix}/lib'
libexecdir='${exec_prefix}/libexec'
lispdir='${datarootdir}/emacs/site-lisp'
localedir='${datarootdir}/locale'
localstatedir='${prefix}/var'
mandir='${datarootdir}/man'
mkdir_p='/bin/mkdir -p'
oldincludedir='/usr/include'
pdfdir='${docdir}'
prefix='/usr/local'
program_transform_name='s,x,x,'
psdir='${docdir}'
sbindir='${exec_prefix}/sbin'
sharedstatedir='${prefix}/com'
sysconfdir='${prefix}/etc'
target_alias=''

## ----------- ##
## confdefs.h. ##
## ----------- ##

/* confdefs.h */
#define PACKAGE_NAME "jabber.el"
#define PACKAGE_TARNAME "emacs-jabber"
#define PACKAGE_VERSION "0.8.0"
#define PACKAGE_STRING "jabber.el 0.8.0"
#define PACKAGE_BUGREPORT "emacs-jabber-general@lists.sourceforge.net"
#define PACKAGE_URL ""
#define PACKAGE "emacs-jabber"
#define VERSION "0.8.0"

configure: exit 0

## ---------------------- ##
## Running config.status. ##
## ---------------------- ##

This file was extended by jabber.el config.status 0.8.0, which was
generated by GNU Autoconf 2.68.  Invocation command line was

  CONFIG_FILES    = 
  CONFIG_HEADERS  = 
  CONFIG_LINKS    = 
  CONFIG_COMMANDS = 
  $ ./config.status 

on master

config.status:3511: creating Makefile
config.status:3511: creating tests/Makefile
config.status:3511: creating gconf/Makefile
config.status:3511: creating jabber-ourversion.el
